<?xml version="1.0" encoding="UTF-8"?>
<Site BuildName="(empty)"
	BuildStamp="20241012-1031-Experimental"
	Name="asd"
	Generator="ctest-3.16.3"
	CompilerName="/usr/lib/ccache/c++"
	CompilerVersion="10.5.0"
	OSName="Linux"
	Hostname="asd"
	OSRelease="5.15.0-122-generic"
	OSVersion="#132~20.04.1-Ubuntu SMP Fri Aug 30 15:50:07 UTC 2024"
	OSPlatform="x86_64"
	Is64Bits="1"
	VendorString="GenuineIntel"
	VendorID="Intel Corporation"
	FamilyID="6"
	ModelID="165"
	ProcessorCacheSize="8192"
	NumberOfLogicalCPU="8"
	NumberOfPhysicalCPU="4"
	TotalVirtualMemory="2047"
	TotalPhysicalMemory="7773"
	LogicalProcessorsPerPhysical="2"
	ProcessorClockFrequency="4201.7"
	>
	<Testing>
		<StartDateTime>Oct 13 02:31 +03</StartDateTime>
		<StartTestTime>1728775876</StartTestTime>
		<TestList/>
		<EndDateTime>Oct 13 02:31 +03</EndDateTime>
		<EndTestTime>1728775876</EndTestTime>
		<ElapsedMinutes>0</ElapsedMinutes>
	</Testing>
</Site>
